0 info it worked if it ends with ok
1 verbose cli [ 'node',
1 verbose cli   '/usr/local/bin/npm',
1 verbose cli   'install',
1 verbose cli   '--dev',
1 verbose cli   'git+https://github.com/rndme/download.git' ]
2 info using npm@2.11.3
3 info using node@v0.12.7
4 verbose install initial load of /Users/AdamBalan/Documents/Flare-Collection/package.json
5 warn package.json flare-collection@0.0.1 No repository field.
6 warn package.json flare-collection@0.0.1 No license field.
7 verbose installManyTop reading scoped package data from /Users/AdamBalan/Documents/Flare-Collection/node_modules/babelify/package.json
8 verbose installManyTop reading scoped package data from /Users/AdamBalan/Documents/Flare-Collection/node_modules/blueimp-canvas-to-blob/package.json
9 verbose installManyTop reading scoped package data from /Users/AdamBalan/Documents/Flare-Collection/node_modules/browserify/package.json
10 verbose installManyTop reading scoped package data from /Users/AdamBalan/Documents/Flare-Collection/node_modules/filesaver.js/package.json
11 verbose installManyTop reading scoped package data from /Users/AdamBalan/Documents/Flare-Collection/node_modules/gulp/package.json
12 verbose installManyTop reading scoped package data from /Users/AdamBalan/Documents/Flare-Collection/node_modules/gulp-mincer/package.json
13 verbose installManyTop reading scoped package data from /Users/AdamBalan/Documents/Flare-Collection/node_modules/lodash/package.json
14 verbose installManyTop reading scoped package data from /Users/AdamBalan/Documents/Flare-Collection/node_modules/mincer/package.json
15 verbose installManyTop reading scoped package data from /Users/AdamBalan/Documents/Flare-Collection/node_modules/rmmv-mrp-core/package.json
16 verbose installManyTop reading scoped package data from /Users/AdamBalan/Documents/Flare-Collection/node_modules/underscore.string/package.json
17 verbose installManyTop reading scoped package data from /Users/AdamBalan/Documents/Flare-Collection/node_modules/vinyl-source-stream/package.json
18 info package.json filesaver.js@0.2.0 license should be a valid SPDX license expression
19 verbose readDependencies loading dependencies from /Users/AdamBalan/Documents/Flare-Collection/package.json
20 silly cache add args [ 'git+https://github.com/rndme/download.git', null ]
21 verbose cache add spec git+https://github.com/rndme/download.git
22 silly cache add parsed spec { raw: 'git+https://github.com/rndme/download.git',
22 silly cache add   scope: null,
22 silly cache add   name: null,
22 silly cache add   rawSpec: 'git+https://github.com/rndme/download.git',
22 silly cache add   spec: 'git+https://github.com/rndme/download.git',
22 silly cache add   type: 'hosted',
22 silly cache add   hosted:
22 silly cache add    { type: 'github',
22 silly cache add      ssh: 'git@github.com:rndme/download.git',
22 silly cache add      sshUrl: 'git+ssh://git@github.com/rndme/download.git',
22 silly cache add      httpsUrl: 'git+https://github.com/rndme/download.git',
22 silly cache add      gitUrl: 'git://github.com/rndme/download.git',
22 silly cache add      shortcut: 'github:rndme/download',
22 silly cache add      directUrl: 'https://raw.githubusercontent.com/rndme/download/master/package.json' } }
23 verbose addRemoteGit caching git+https://github.com/rndme/download.git
24 verbose addRemoteGit git+https://github.com/rndme/download.git is a repository hosted by github
25 silly tryClone cloning git+https://github.com/rndme/download.git via git+https://github.com/rndme/download.git
26 verbose tryClone https-github-com-rndme-download-git-9cefffc8 not in flight; caching
27 info git [ 'config', '--get', 'remote.origin.url' ]
28 silly validateExistingRemote git+https://github.com/rndme/download.git remote.origin.url: https://github.com/rndme/download.git
29 verbose validateExistingRemote git+https://github.com/rndme/download.git is updating existing cached remote /Users/AdamBalan/.npm/_git-remotes/https-github-com-rndme-download-git-9cefffc8
30 info git [ 'fetch', '-a', 'origin' ]
31 verbose updateRemote git fetch -a origin (https://github.com/rndme/download.git)
32 verbose setPermissions git+https://github.com/rndme/download.git set permissions on /Users/AdamBalan/.npm/_git-remotes/https-github-com-rndme-download-git-9cefffc8
33 verbose resolveHead git+https://github.com/rndme/download.git original treeish: master
34 info git [ 'rev-list', '-n1', 'master' ]
35 silly resolveHead git+https://github.com/rndme/download.git resolved treeish: 42068565456c7d849113675af3dea02fc64aa6a7
36 verbose resolveHead git+https://github.com/rndme/download.git resolved Git URL: git+https://github.com/rndme/download.git#42068565456c7d849113675af3dea02fc64aa6a7
37 silly resolveHead Git working directory: /tmp/npm-4978-0eecfef3/git-cache-b1263373f042/42068565456c7d849113675af3dea02fc64aa6a7
38 info git [ 'clone',
38 info git   '/Users/AdamBalan/.npm/_git-remotes/https-github-com-rndme-download-git-9cefffc8',
38 info git   '/tmp/npm-4978-0eecfef3/git-cache-b1263373f042/42068565456c7d849113675af3dea02fc64aa6a7' ]
39 verbose cloneResolved git+https://github.com/rndme/download.git clone Cloning into '/tmp/npm-4978-0eecfef3/git-cache-b1263373f042/42068565456c7d849113675af3dea02fc64aa6a7'...
39 verbose cloneResolved done.
40 info git [ 'checkout', '42068565456c7d849113675af3dea02fc64aa6a7' ]
41 verbose checkoutTreeish git+https://github.com/rndme/download.git checkout Note: checking out '42068565456c7d849113675af3dea02fc64aa6a7'.
41 verbose checkoutTreeish
41 verbose checkoutTreeish You are in 'detached HEAD' state. You can look around, make experimental
41 verbose checkoutTreeish changes and commit them, and you can discard any commits you make in this
41 verbose checkoutTreeish state without impacting any branches by performing another checkout.
41 verbose checkoutTreeish
41 verbose checkoutTreeish If you want to create a new branch to retain commits you create, you may
41 verbose checkoutTreeish do so (now or later) by using -b with the checkout command again. Example:
41 verbose checkoutTreeish
41 verbose checkoutTreeish   git checkout -b new_branch_name
41 verbose checkoutTreeish
41 verbose checkoutTreeish HEAD is now at 4206856... add links to docs
42 error addLocal Could not install /tmp/npm-4978-0eecfef3/git-cache-b1263373f042/42068565456c7d849113675af3dea02fc64aa6a7
43 verbose stack Error: EISDIR, read
43 verbose stack     at Error (native)
44 verbose cwd /Users/AdamBalan/Documents/Flare-Collection
45 error Darwin 15.0.0
46 error argv "node" "/usr/local/bin/npm" "install" "--dev" "git+https://github.com/rndme/download.git"
47 error node v0.12.7
48 error npm  v2.11.3
49 error code EISDIR
50 error errno -21
51 error EISDIR, read
52 error If you need help, you may report this error at:
52 error     <https://github.com/npm/npm/issues>
53 verbose exit [ -21, true ]
